2024-11-10 02:14:53,156 - INFO - File loaded successfully
2024-11-10 02:14:53,157 - INFO - Rows with empty required fields dropped
2024-11-10 02:14:53,158 - INFO - Rows with invalid email formats dropped
2024-11-10 02:14:53,158 - INFO - Mencari MX record untuk domain: gmail.com
2024-11-10 02:14:53,194 - INFO - MX record ditemukan untuk gmail.com: alt2.gmail-smtp-in.l.google.com.
2024-11-10 02:14:53,194 - INFO - Mengecek email: ichasahara37@gmail.com menggunakan MX record: alt2.gmail-smtp-in.l.google.com.
2024-11-10 02:14:56,386 - WARNING - Email tidak aktif: ichasahara37@gmail.com (Kode: 500, Respon: b'command unrecognised or out of order')
2024-11-10 02:14:56,703 - INFO - Mencari MX record untuk domain: gmail.com
2024-11-10 02:14:56,715 - INFO - MX record ditemukan untuk gmail.com: alt2.gmail-smtp-in.l.google.com.
2024-11-10 02:14:56,715 - INFO - Mengecek email: gdssyiuw@gmail.com menggunakan MX record: alt2.gmail-smtp-in.l.google.com.
2024-11-10 02:14:59,775 - WARNING - Email tidak aktif: gdssyiuw@gmail.com (Kode: 500, Respon: b'command unrecognised or out of order')
2024-11-10 02:15:00,028 - INFO - Mencari MX record untuk domain: gmail.com
2024-11-10 02:15:00,038 - INFO - MX record ditemukan untuk gmail.com: alt2.gmail-smtp-in.l.google.com.
2024-11-10 02:15:00,038 - INFO - Mengecek email: ailaramadhaniaf@gmail.com menggunakan MX record: alt2.gmail-smtp-in.l.google.com.
2024-11-10 02:15:03,257 - WARNING - Email tidak aktif: ailaramadhaniaf@gmail.com (Kode: 500, Respon: b'command unrecognised or out of order')
2024-11-10 02:15:03,492 - INFO - Mencari MX record untuk domain: gmail.com
2024-11-10 02:15:03,503 - INFO - MX record ditemukan untuk gmail.com: alt2.gmail-smtp-in.l.google.com.
2024-11-10 02:15:03,503 - INFO - Mengecek email: fellisyatasya@gmail.com menggunakan MX record: alt2.gmail-smtp-in.l.google.com.
2024-11-10 02:15:06,636 - WARNING - Email tidak aktif: fellisyatasya@gmail.com (Kode: 500, Respon: b'command unrecognised or out of order')
2024-11-10 02:15:06,866 - INFO - Mencari MX record untuk domain: gmail.com
2024-11-10 02:15:06,877 - INFO - MX record ditemukan untuk gmail.com: alt2.gmail-smtp-in.l.google.com.
2024-11-10 02:15:06,877 - INFO - Mengecek email: awuree22@gmail.com menggunakan MX record: alt2.gmail-smtp-in.l.google.com.
2024-11-10 02:15:09,812 - WARNING - Email tidak aktif: awuree22@gmail.com (Kode: 500, Respon: b'command unrecognised or out of order')
2024-11-10 02:15:10,067 - INFO - Mencari MX record untuk domain: gmail.com
2024-11-10 02:15:10,079 - INFO - MX record ditemukan untuk gmail.com: alt2.gmail-smtp-in.l.google.com.
2024-11-10 02:15:10,079 - INFO - Mengecek email: aninditaivadah@gmail.com menggunakan MX record: alt2.gmail-smtp-in.l.google.com.
2024-11-10 02:15:13,189 - WARNING - Email tidak aktif: aninditaivadah@gmail.com (Kode: 500, Respon: b'command unrecognised or out of order')
2024-11-10 02:15:13,431 - INFO - Mencari MX record untuk domain: gmail.com
2024-11-10 02:15:13,441 - INFO - MX record ditemukan untuk gmail.com: alt2.gmail-smtp-in.l.google.com.
2024-11-10 02:15:13,441 - INFO - Mengecek email: marzelloawang@gmail.com menggunakan MX record: alt2.gmail-smtp-in.l.google.com.
2024-11-10 02:15:16,488 - WARNING - Email tidak aktif: marzelloawang@gmail.com (Kode: 500, Respon: b'command unrecognised or out of order')
2024-11-10 02:15:16,776 - INFO - Mencari MX record untuk domain: gmail.com
2024-11-10 02:15:16,787 - INFO - MX record ditemukan untuk gmail.com: alt2.gmail-smtp-in.l.google.com.
2024-11-10 02:15:16,788 - INFO - Mengecek email: ervinaaulia.24@gmail.com menggunakan MX record: alt2.gmail-smtp-in.l.google.com.
2024-11-10 02:15:20,050 - WARNING - Email tidak aktif: ervinaaulia.24@gmail.com (Kode: 500, Respon: b'command unrecognised or out of order')
2024-11-10 02:15:20,357 - INFO - Mencari MX record untuk domain: gmail.com
2024-11-10 02:15:20,367 - INFO - MX record ditemukan untuk gmail.com: alt2.gmail-smtp-in.l.google.com.
2024-11-10 02:15:20,367 - INFO - Mengecek email: suryaaji811@gmail.com menggunakan MX record: alt2.gmail-smtp-in.l.google.com.
2024-11-10 02:15:23,430 - WARNING - Email tidak aktif: suryaaji811@gmail.com (Kode: 500, Respon: b'command unrecognised or out of order')
2024-11-10 02:15:23,737 - INFO - Mencari MX record untuk domain: gmail.com
2024-11-10 02:15:23,749 - INFO - MX record ditemukan untuk gmail.com: alt2.gmail-smtp-in.l.google.com.
2024-11-10 02:15:23,749 - INFO - Mengecek email: gsangkitri@gmail.com menggunakan MX record: alt2.gmail-smtp-in.l.google.com.
2024-11-10 02:15:26,809 - WARNING - Email tidak aktif: gsangkitri@gmail.com (Kode: 500, Respon: b'command unrecognised or out of order')
2024-11-10 02:15:27,033 - INFO - Mencari MX record untuk domain: gmail.com
2024-11-10 02:15:27,043 - INFO - MX record ditemukan untuk gmail.com: alt2.gmail-smtp-in.l.google.com.
2024-11-10 02:15:27,043 - INFO - Mengecek email: athaya170407@gmail.com menggunakan MX record: alt2.gmail-smtp-in.l.google.com.
2024-11-10 02:15:29,982 - WARNING - Email tidak aktif: athaya170407@gmail.com (Kode: 500, Respon: b'command unrecognised or out of order')
2024-11-10 02:15:30,212 - INFO - Mencari MX record untuk domain: gmail.com
2024-11-10 02:15:30,223 - INFO - MX record ditemukan untuk gmail.com: alt2.gmail-smtp-in.l.google.com.
2024-11-10 02:15:30,224 - INFO - Mengecek email: cameliaputrikinanti@gmail.com menggunakan MX record: alt2.gmail-smtp-in.l.google.com.
2024-11-10 02:15:33,157 - WARNING - Email tidak aktif: cameliaputrikinanti@gmail.com (Kode: 500, Respon: b'command unrecognised or out of order')
2024-11-10 02:15:33,465 - INFO - Mencari MX record untuk domain: gmail.com
2024-11-10 02:15:33,476 - INFO - MX record ditemukan untuk gmail.com: alt2.gmail-smtp-in.l.google.com.
2024-11-10 02:15:33,476 - INFO - Mengecek email: rahmautamitri@gmail.com menggunakan MX record: alt2.gmail-smtp-in.l.google.com.
2024-11-10 02:15:36,639 - WARNING - Email tidak aktif: rahmautamitri@gmail.com (Kode: 500, Respon: b'command unrecognised or out of order')
2024-11-10 02:15:36,947 - INFO - Mencari MX record untuk domain: gmail.com
2024-11-10 02:15:36,958 - INFO - MX record ditemukan untuk gmail.com: alt2.gmail-smtp-in.l.google.com.
2024-11-10 02:15:36,959 - INFO - Mengecek email: safinaregita800@gmail.com menggunakan MX record: alt2.gmail-smtp-in.l.google.com.
2024-11-10 02:15:40,018 - WARNING - Email tidak aktif: safinaregita800@gmail.com (Kode: 500, Respon: b'command unrecognised or out of order')
2024-11-10 02:15:40,278 - INFO - Mencari MX record untuk domain: gmail.com
2024-11-10 02:15:40,289 - INFO - MX record ditemukan untuk gmail.com: alt2.gmail-smtp-in.l.google.com.
2024-11-10 02:15:40,289 - INFO - Mengecek email: rafhzrn@gmail.com menggunakan MX record: alt2.gmail-smtp-in.l.google.com.
2024-11-10 02:15:43,298 - WARNING - Email tidak aktif: rafhzrn@gmail.com (Kode: 500, Respon: b'command unrecognised or out of order')
2024-11-10 02:15:43,602 - INFO - Mencari MX record untuk domain: gmail.com
2024-11-10 02:15:43,613 - INFO - MX record ditemukan untuk gmail.com: alt2.gmail-smtp-in.l.google.com.
2024-11-10 02:15:43,614 - INFO - Mengecek email: sereiadaphnee@gmail.com menggunakan MX record: alt2.gmail-smtp-in.l.google.com.
2024-11-10 02:15:46,674 - WARNING - Email tidak aktif: sereiadaphnee@gmail.com (Kode: 500, Respon: b'command unrecognised or out of order')
2024-11-10 02:15:46,981 - INFO - Mencari MX record untuk domain: gmail.com
2024-11-10 02:15:46,988 - INFO - MX record ditemukan untuk gmail.com: alt2.gmail-smtp-in.l.google.com.
2024-11-10 02:15:46,988 - INFO - Mengecek email: liamtwox@gmail.com menggunakan MX record: alt2.gmail-smtp-in.l.google.com.
2024-11-10 02:15:57,042 - ERROR - Kesalahan SMTP saat mengecek email liamtwox@gmail.com: Connection unexpectedly closed: timed out
2024-11-10 02:15:57,042 - INFO - Mencari MX record untuk domain: gmail.com
2024-11-10 02:15:57,050 - INFO - MX record ditemukan untuk gmail.com: alt2.gmail-smtp-in.l.google.com.
2024-11-10 02:15:57,050 - INFO - Mengecek email: airlyaabel44@gmail.com menggunakan MX record: alt2.gmail-smtp-in.l.google.com.
2024-11-10 02:16:00,089 - WARNING - Email tidak aktif: airlyaabel44@gmail.com (Kode: 500, Respon: b'command unrecognised or out of order')
2024-11-10 02:16:00,313 - INFO - Mencari MX record untuk domain: gmail.com
2024-11-10 02:16:00,324 - INFO - MX record ditemukan untuk gmail.com: alt2.gmail-smtp-in.l.google.com.
2024-11-10 02:16:00,324 - INFO - Mengecek email: czazkyaaulia@gmail.com menggunakan MX record: alt2.gmail-smtp-in.l.google.com.
2024-11-10 02:16:03,366 - WARNING - Email tidak aktif: czazkyaaulia@gmail.com (Kode: 500, Respon: b'command unrecognised or out of order')
2024-11-10 02:16:03,591 - INFO - Mencari MX record untuk domain: gmail.com
2024-11-10 02:16:03,599 - INFO - MX record ditemukan untuk gmail.com: alt2.gmail-smtp-in.l.google.com.
2024-11-10 02:16:03,600 - INFO - Mengecek email: acocadvs@gmail.com menggunakan MX record: alt2.gmail-smtp-in.l.google.com.
2024-11-10 02:16:06,642 - WARNING - Email tidak aktif: acocadvs@gmail.com (Kode: 500, Respon: b'command unrecognised or out of order')
2024-11-10 02:16:06,872 - INFO - Mencari MX record untuk domain: gmail.com
2024-11-10 02:16:06,881 - INFO - MX record ditemukan untuk gmail.com: alt2.gmail-smtp-in.l.google.com.
2024-11-10 02:16:06,882 - INFO - Mengecek email: tasycngtip@gmail.com menggunakan MX record: alt2.gmail-smtp-in.l.google.com.
2024-11-10 02:16:09,920 - WARNING - Email tidak aktif: tasycngtip@gmail.com (Kode: 500, Respon: b'command unrecognised or out of order')
2024-11-10 02:16:10,229 - INFO - Mencari MX record untuk domain: gmail.com
2024-11-10 02:16:10,242 - INFO - MX record ditemukan untuk gmail.com: alt2.gmail-smtp-in.l.google.com.
2024-11-10 02:16:10,243 - INFO - Mengecek email: fathaniahrk26@gmail.com menggunakan MX record: alt2.gmail-smtp-in.l.google.com.
2024-11-10 02:16:13,404 - WARNING - Email tidak aktif: fathaniahrk26@gmail.com (Kode: 500, Respon: b'command unrecognised or out of order')
2024-11-10 02:16:13,680 - INFO - Mencari MX record untuk domain: gmail.com
2024-11-10 02:16:13,694 - INFO - MX record ditemukan untuk gmail.com: alt2.gmail-smtp-in.l.google.com.
2024-11-10 02:16:13,695 - INFO - Mengecek email: unknwnjjexh@gmail.com menggunakan MX record: alt2.gmail-smtp-in.l.google.com.
2024-11-10 02:16:16,782 - WARNING - Email tidak aktif: unknwnjjexh@gmail.com (Kode: 500, Respon: b'command unrecognised or out of order')
2024-11-10 02:16:17,086 - INFO - Mencari MX record untuk domain: gmail.com
2024-11-10 02:16:17,095 - INFO - MX record ditemukan untuk gmail.com: alt2.gmail-smtp-in.l.google.com.
2024-11-10 02:16:17,095 - INFO - Mengecek email: muhammadnuhfirmansyah@gmail.com menggunakan MX record: alt2.gmail-smtp-in.l.google.com.
2024-11-10 02:16:20,057 - WARNING - Email tidak aktif: muhammadnuhfirmansyah@gmail.com (Kode: 500, Respon: b'command unrecognised or out of order')
2024-11-10 02:16:20,286 - INFO - Mencari MX record untuk domain: gmail.com
2024-11-10 02:16:20,297 - INFO - MX record ditemukan untuk gmail.com: alt2.gmail-smtp-in.l.google.com.
2024-11-10 02:16:20,297 - INFO - Mengecek email: chaylamdnr@gmail.com menggunakan MX record: alt2.gmail-smtp-in.l.google.com.
2024-11-10 02:16:23,232 - WARNING - Email tidak aktif: chaylamdnr@gmail.com (Kode: 500, Respon: b'command unrecognised or out of order')
2024-11-10 02:16:23,494 - INFO - Mencari MX record untuk domain: gmail.com
2024-11-10 02:16:23,503 - INFO - MX record ditemukan untuk gmail.com: alt2.gmail-smtp-in.l.google.com.
2024-11-10 02:16:23,503 - INFO - Mengecek email: watinikaswin72@gmail.com menggunakan MX record: alt2.gmail-smtp-in.l.google.com.
2024-11-10 02:16:26,513 - WARNING - Email tidak aktif: watinikaswin72@gmail.com (Kode: 500, Respon: b'command unrecognised or out of order')
2024-11-10 02:16:26,741 - INFO - Mencari MX record untuk domain: gmail.com
2024-11-10 02:16:26,756 - INFO - MX record ditemukan untuk gmail.com: alt2.gmail-smtp-in.l.google.com.
2024-11-10 02:16:26,757 - INFO - Mengecek email: zhandromi@gmail.com menggunakan MX record: alt2.gmail-smtp-in.l.google.com.
2024-11-10 02:16:29,683 - WARNING - Email tidak aktif: zhandromi@gmail.com (Kode: 500, Respon: b'command unrecognised or out of order')
2024-11-10 02:16:29,912 - INFO - Mencari MX record untuk domain: gmail.com
2024-11-10 02:16:29,923 - INFO - MX record ditemukan untuk gmail.com: alt2.gmail-smtp-in.l.google.com.
2024-11-10 02:16:29,923 - INFO - Mengecek email: diposigmawanto@gmail.com menggunakan MX record: alt2.gmail-smtp-in.l.google.com.
2024-11-10 02:16:32,982 - WARNING - Email tidak aktif: diposigmawanto@gmail.com (Kode: 500, Respon: b'command unrecognised or out of order')
2024-11-10 02:16:33,266 - INFO - Mencari MX record untuk domain: gmail.com
2024-11-10 02:16:33,281 - INFO - MX record ditemukan untuk gmail.com: alt2.gmail-smtp-in.l.google.com.
2024-11-10 02:16:33,281 - INFO - Mengecek email: chintyadwi63@gmail.com menggunakan MX record: alt2.gmail-smtp-in.l.google.com.
2024-11-10 02:16:36,339 - WARNING - Email tidak aktif: chintyadwi63@gmail.com (Kode: 500, Respon: b'command unrecognised or out of order')
2024-11-10 02:16:36,646 - INFO - Mencari MX record untuk domain: gmail.com
2024-11-10 02:16:36,659 - INFO - MX record ditemukan untuk gmail.com: alt2.gmail-smtp-in.l.google.com.
2024-11-10 02:16:36,659 - INFO - Mengecek email: hasansigmawan@gmail.com menggunakan MX record: alt2.gmail-smtp-in.l.google.com.
2024-11-10 02:16:39,656 - WARNING - Email tidak aktif: hasansigmawan@gmail.com (Kode: 500, Respon: b'command unrecognised or out of order')
2024-11-10 02:16:39,886 - INFO - Mencari MX record untuk domain: gmail.com
2024-11-10 02:16:39,903 - INFO - MX record ditemukan untuk gmail.com: alt2.gmail-smtp-in.l.google.com.
2024-11-10 02:16:39,903 - INFO - Mengecek email: rahmanianajla@gmail.com menggunakan MX record: alt2.gmail-smtp-in.l.google.com.
2024-11-10 02:16:42,753 - WARNING - Email tidak aktif: rahmanianajla@gmail.com (Kode: 500, Respon: b'command unrecognised or out of order')
2024-11-10 02:16:42,978 - INFO - Mencari MX record untuk domain: gmail.com
2024-11-10 02:16:42,986 - INFO - MX record ditemukan untuk gmail.com: alt2.gmail-smtp-in.l.google.com.
2024-11-10 02:16:42,987 - INFO - Mengecek email: khaisyaas1@gmail.com menggunakan MX record: alt2.gmail-smtp-in.l.google.com.
2024-11-10 02:16:45,845 - WARNING - Email tidak aktif: khaisyaas1@gmail.com (Kode: 500, Respon: b'command unrecognised or out of order')
2024-11-10 02:16:46,169 - INFO - Mencari MX record untuk domain: gmail.com
2024-11-10 02:16:46,180 - INFO - MX record ditemukan untuk gmail.com: alt2.gmail-smtp-in.l.google.com.
2024-11-10 02:16:46,181 - INFO - Mengecek email: muhammadadityafebriyansyah613@gmail.com menggunakan MX record: alt2.gmail-smtp-in.l.google.com.
2024-11-10 02:16:49,241 - WARNING - Email tidak aktif: muhammadadityafebriyansyah613@gmail.com (Kode: 500, Respon: b'command unrecognised or out of order')
2024-11-10 02:16:49,554 - INFO - Mencari MX record untuk domain: gmail.com
2024-11-10 02:16:49,567 - INFO - MX record ditemukan untuk gmail.com: alt2.gmail-smtp-in.l.google.com.
2024-11-10 02:16:49,567 - INFO - Mengecek email: duyzz138@gmail.com menggunakan MX record: alt2.gmail-smtp-in.l.google.com.
2024-11-10 02:16:52,484 - WARNING - Email tidak aktif: duyzz138@gmail.com (Kode: 500, Respon: b'command unrecognised or out of order')
2024-11-10 02:16:52,776 - INFO - Mencari MX record untuk domain: gmail.com
2024-11-10 02:16:52,792 - INFO - MX record ditemukan untuk gmail.com: alt2.gmail-smtp-in.l.google.com.
2024-11-10 02:16:52,793 - INFO - Mengecek email: kangpentoll34@gmail.com menggunakan MX record: alt2.gmail-smtp-in.l.google.com.
2024-11-10 02:16:55,901 - WARNING - Email tidak aktif: kangpentoll34@gmail.com (Kode: 500, Respon: b'command unrecognised or out of order')
2024-11-10 02:16:56,138 - INFO - Mencari MX record untuk domain: gmail.com
2024-11-10 02:16:56,146 - INFO - MX record ditemukan untuk gmail.com: alt2.gmail-smtp-in.l.google.com.
2024-11-10 02:16:56,146 - INFO - Mengecek email: ddittt4u@gmail.com menggunakan MX record: alt2.gmail-smtp-in.l.google.com.
2024-11-10 02:16:59,189 - WARNING - Email tidak aktif: ddittt4u@gmail.com (Kode: 500, Respon: b'command unrecognised or out of order')
2024-11-10 02:16:59,425 - INFO - Mencari MX record untuk domain: gmail.com
2024-11-10 02:16:59,438 - INFO - MX record ditemukan untuk gmail.com: alt2.gmail-smtp-in.l.google.com.
2024-11-10 02:16:59,439 - INFO - Mengecek email: pelatihediz@gmail.com menggunakan MX record: alt2.gmail-smtp-in.l.google.com.
2024-11-10 02:17:02,477 - WARNING - Email tidak aktif: pelatihediz@gmail.com (Kode: 500, Respon: b'command unrecognised or out of order')
2024-11-10 02:17:02,759 - INFO - Mencari MX record untuk domain: gmail.com
2024-11-10 02:17:02,768 - INFO - MX record ditemukan untuk gmail.com: alt2.gmail-smtp-in.l.google.com.
2024-11-10 02:17:02,769 - INFO - Mengecek email: sherlitaanandita30@gmail.com menggunakan MX record: alt2.gmail-smtp-in.l.google.com.
2024-11-10 02:17:05,728 - WARNING - Email tidak aktif: sherlitaanandita30@gmail.com (Kode: 500, Respon: b'command unrecognised or out of order')
2024-11-10 02:17:05,957 - INFO - Mencari MX record untuk domain: gmail.com
2024-11-10 02:17:05,967 - INFO - MX record ditemukan untuk gmail.com: alt2.gmail-smtp-in.l.google.com.
2024-11-10 02:17:05,968 - INFO - Mengecek email: ceishafiant@gmail.com menggunakan MX record: alt2.gmail-smtp-in.l.google.com.
2024-11-10 02:17:08,782 - WARNING - Email tidak aktif: ceishafiant@gmail.com (Kode: 500, Respon: b'command unrecognised or out of order')
2024-11-10 02:17:09,018 - INFO - Mencari MX record untuk domain: gmail.com
2024-11-10 02:17:09,028 - INFO - MX record ditemukan untuk gmail.com: alt2.gmail-smtp-in.l.google.com.
2024-11-10 02:17:09,029 - INFO - Mengecek email: naylalia767@gmail.com menggunakan MX record: alt2.gmail-smtp-in.l.google.com.
2024-11-10 02:17:12,180 - WARNING - Email tidak aktif: naylalia767@gmail.com (Kode: 500, Respon: b'command unrecognised or out of order')
2024-11-10 02:17:12,486 - INFO - Mencari MX record untuk domain: gmail.com
2024-11-10 02:17:12,500 - INFO - MX record ditemukan untuk gmail.com: alt2.gmail-smtp-in.l.google.com.
2024-11-10 02:17:12,500 - INFO - Mengecek email: swalala481@gmail.com menggunakan MX record: alt2.gmail-smtp-in.l.google.com.
2024-11-10 02:17:15,456 - WARNING - Email tidak aktif: swalala481@gmail.com (Kode: 500, Respon: b'command unrecognised or out of order')
2024-11-10 02:17:15,682 - INFO - Mencari MX record untuk domain: gmail.com
2024-11-10 02:17:15,694 - INFO - MX record ditemukan untuk gmail.com: alt2.gmail-smtp-in.l.google.com.
2024-11-10 02:17:15,695 - INFO - Mengecek email: berlianamaharani20@gmail.com menggunakan MX record: alt2.gmail-smtp-in.l.google.com.
2024-11-10 02:17:18,733 - WARNING - Email tidak aktif: berlianamaharani20@gmail.com (Kode: 500, Respon: b'command unrecognised or out of order')
2024-11-10 02:17:18,979 - INFO - Mencari MX record untuk domain: gmail.com
2024-11-10 02:17:18,988 - INFO - MX record ditemukan untuk gmail.com: alt2.gmail-smtp-in.l.google.com.
2024-11-10 02:17:18,989 - INFO - Mengecek email: domyprima@gmail.com menggunakan MX record: alt2.gmail-smtp-in.l.google.com.
2024-11-10 02:17:22,004 - WARNING - Email tidak aktif: domyprima@gmail.com (Kode: 500, Respon: b'command unrecognised or out of order')
2024-11-10 02:17:22,232 - INFO - Mencari MX record untuk domain: gmail.com
2024-11-10 02:17:22,244 - INFO - MX record ditemukan untuk gmail.com: alt2.gmail-smtp-in.l.google.com.
2024-11-10 02:17:22,245 - INFO - Mengecek email: ameliaeno11@gmail.com menggunakan MX record: alt2.gmail-smtp-in.l.google.com.
2024-11-10 02:17:25,287 - WARNING - Email tidak aktif: ameliaeno11@gmail.com (Kode: 500, Respon: b'command unrecognised or out of order')
2024-11-10 02:17:25,594 - INFO - Mencari MX record untuk domain: gmail.com
2024-11-10 02:17:25,606 - INFO - MX record ditemukan untuk gmail.com: alt2.gmail-smtp-in.l.google.com.
2024-11-10 02:17:25,606 - INFO - Mengecek email: ayusetyan8@gmail.com menggunakan MX record: alt2.gmail-smtp-in.l.google.com.
2024-11-10 02:17:28,666 - WARNING - Email tidak aktif: ayusetyan8@gmail.com (Kode: 500, Respon: b'command unrecognised or out of order')
2024-11-10 02:17:28,898 - INFO - Mencari MX record untuk domain: gmail.com
2024-11-10 02:17:28,945 - INFO - MX record ditemukan untuk gmail.com: alt2.gmail-smtp-in.l.google.com.
2024-11-10 02:17:28,946 - INFO - Mengecek email: syfraalifaptr@gmail.com menggunakan MX record: alt2.gmail-smtp-in.l.google.com.
2024-11-10 02:17:32,044 - WARNING - Email tidak aktif: syfraalifaptr@gmail.com (Kode: 500, Respon: b'command unrecognised or out of order')
2024-11-10 02:17:32,281 - INFO - Mencari MX record untuk domain: gmail.com
2024-11-10 02:17:32,291 - INFO - MX record ditemukan untuk gmail.com: alt2.gmail-smtp-in.l.google.com.
2024-11-10 02:17:32,291 - INFO - Mengecek email: hisyambagus396@gmail.com menggunakan MX record: alt2.gmail-smtp-in.l.google.com.
2024-11-10 02:17:35,426 - WARNING - Email tidak aktif: hisyambagus396@gmail.com (Kode: 500, Respon: b'command unrecognised or out of order')
2024-11-10 02:17:35,731 - INFO - Mencari MX record untuk domain: gmail.com
2024-11-10 02:17:35,743 - INFO - MX record ditemukan untuk gmail.com: alt2.gmail-smtp-in.l.google.com.
2024-11-10 02:17:35,744 - INFO - Mengecek email: aisyy.saa05@gmail.com menggunakan MX record: alt2.gmail-smtp-in.l.google.com.
2024-11-10 02:17:38,804 - WARNING - Email tidak aktif: aisyy.saa05@gmail.com (Kode: 500, Respon: b'command unrecognised or out of order')
2024-11-10 02:17:39,055 - INFO - Mencari MX record untuk domain: gmail.com
2024-11-10 02:17:39,068 - INFO - MX record ditemukan untuk gmail.com: alt2.gmail-smtp-in.l.google.com.
2024-11-10 02:17:39,068 - INFO - Mengecek email: kerluargamerdian@gmail.com menggunakan MX record: alt2.gmail-smtp-in.l.google.com.
2024-11-10 02:17:42,183 - WARNING - Email tidak aktif: kerluargamerdian@gmail.com (Kode: 500, Respon: b'command unrecognised or out of order')
2024-11-10 02:17:42,490 - INFO - Mencari MX record untuk domain: gmail.com
2024-11-10 02:17:42,499 - INFO - MX record ditemukan untuk gmail.com: alt2.gmail-smtp-in.l.google.com.
2024-11-10 02:17:42,500 - INFO - Mengecek email: merdianaaulia556@gmail.com menggunakan MX record: alt2.gmail-smtp-in.l.google.com.
2024-11-10 02:17:45,393 - WARNING - Email tidak aktif: merdianaaulia556@gmail.com (Kode: 500, Respon: b'command unrecognised or out of order')
2024-11-10 02:17:45,622 - INFO - Mencari MX record untuk domain: gmail.com
2024-11-10 02:17:45,637 - INFO - MX record ditemukan untuk gmail.com: alt2.gmail-smtp-in.l.google.com.
2024-11-10 02:17:45,637 - INFO - Mengecek email: syafareladityaputrapradana123@gmail.com menggunakan MX record: alt2.gmail-smtp-in.l.google.com.
2024-11-10 02:17:48,473 - WARNING - Email tidak aktif: syafareladityaputrapradana123@gmail.com (Kode: 500, Respon: b'command unrecognised or out of order')
2024-11-10 02:17:48,700 - INFO - Mencari MX record untuk domain: gmail.com
2024-11-10 02:17:48,709 - INFO - MX record ditemukan untuk gmail.com: alt2.gmail-smtp-in.l.google.com.
2024-11-10 02:17:48,710 - INFO - Mengecek email: andreayoga134@gmail.com menggunakan MX record: alt2.gmail-smtp-in.l.google.com.
2024-11-10 02:17:51,706 - WARNING - Email tidak aktif: andreayoga134@gmail.com (Kode: 500, Respon: b'command unrecognised or out of order')
2024-11-10 02:17:51,934 - INFO - Mencari MX record untuk domain: gmail.com
2024-11-10 02:17:51,945 - INFO - MX record ditemukan untuk gmail.com: alt2.gmail-smtp-in.l.google.com.
2024-11-10 02:17:51,946 - INFO - Mengecek email: arroyyanaramadhan3@gmail.com menggunakan MX record: alt2.gmail-smtp-in.l.google.com.
2024-11-10 02:17:54,983 - WARNING - Email tidak aktif: arroyyanaramadhan3@gmail.com (Kode: 500, Respon: b'command unrecognised or out of order')
2024-11-10 02:17:55,290 - INFO - Mencari MX record untuk domain: gmail.com
2024-11-10 02:17:55,300 - INFO - MX record ditemukan untuk gmail.com: alt2.gmail-smtp-in.l.google.com.
2024-11-10 02:17:55,301 - INFO - Mengecek email: ravildauntari30@gmail.com menggunakan MX record: alt2.gmail-smtp-in.l.google.com.
2024-11-10 02:17:58,464 - WARNING - Email tidak aktif: ravildauntari30@gmail.com (Kode: 500, Respon: b'command unrecognised or out of order')
2024-11-10 02:17:58,773 - INFO - Mencari MX record untuk domain: gmail.com
2024-11-10 02:17:58,784 - INFO - MX record ditemukan untuk gmail.com: alt2.gmail-smtp-in.l.google.com.
2024-11-10 02:17:58,784 - INFO - Mengecek email: nflnaufal16@gmail.com menggunakan MX record: alt2.gmail-smtp-in.l.google.com.
2024-11-10 02:18:01,804 - WARNING - Email tidak aktif: nflnaufal16@gmail.com (Kode: 500, Respon: b'command unrecognised or out of order')
2024-11-10 02:18:02,067 - INFO - Mencari MX record untuk domain: gmail.com
2024-11-10 02:18:02,075 - INFO - MX record ditemukan untuk gmail.com: alt2.gmail-smtp-in.l.google.com.
2024-11-10 02:18:02,075 - INFO - Mengecek email: aisyahtsani07@gmail.com menggunakan MX record: alt2.gmail-smtp-in.l.google.com.
2024-11-10 02:18:04,978 - WARNING - Email tidak aktif: aisyahtsani07@gmail.com (Kode: 500, Respon: b'command unrecognised or out of order')
2024-11-10 02:18:05,271 - INFO - Mencari MX record untuk domain: gmail.com
2024-11-10 02:18:05,285 - INFO - MX record ditemukan untuk gmail.com: alt2.gmail-smtp-in.l.google.com.
2024-11-10 02:18:05,285 - INFO - Mengecek email: auranaswa843@gmail.com menggunakan MX record: alt2.gmail-smtp-in.l.google.com.
2024-11-10 02:18:08,184 - WARNING - Email tidak aktif: auranaswa843@gmail.com (Kode: 500, Respon: b'command unrecognised or out of order')
2024-11-10 02:18:08,413 - INFO - Mencari MX record untuk domain: gmail.com
2024-11-10 02:18:08,422 - INFO - MX record ditemukan untuk gmail.com: alt2.gmail-smtp-in.l.google.com.
2024-11-10 02:18:08,422 - INFO - Mengecek email: deppz237@gmail.com menggunakan MX record: alt2.gmail-smtp-in.l.google.com.
2024-11-10 02:18:11,317 - WARNING - Email tidak aktif: deppz237@gmail.com (Kode: 500, Respon: b'command unrecognised or out of order')
2024-11-10 02:18:11,558 - INFO - Mencari MX record untuk domain: gmail.com
2024-11-10 02:18:11,577 - INFO - MX record ditemukan untuk gmail.com: alt2.gmail-smtp-in.l.google.com.
2024-11-10 02:18:11,578 - INFO - Mengecek email: annisaevrillia@gmail.com menggunakan MX record: alt2.gmail-smtp-in.l.google.com.
2024-11-10 02:18:14,690 - WARNING - Email tidak aktif: annisaevrillia@gmail.com (Kode: 500, Respon: b'command unrecognised or out of order')
2024-11-10 02:18:14,924 - INFO - Mencari MX record untuk domain: gmail.com
2024-11-10 02:18:14,935 - INFO - MX record ditemukan untuk gmail.com: alt2.gmail-smtp-in.l.google.com.
2024-11-10 02:18:14,935 - INFO - Mengecek email: sannlvagns@gmail.com menggunakan MX record: alt2.gmail-smtp-in.l.google.com.
2024-11-10 02:18:17,967 - WARNING - Email tidak aktif: sannlvagns@gmail.com (Kode: 500, Respon: b'command unrecognised or out of order')
2024-11-10 02:18:18,275 - INFO - Mencari MX record untuk domain: gmail.com
2024-11-10 02:18:18,286 - INFO - MX record ditemukan untuk gmail.com: alt2.gmail-smtp-in.l.google.com.
2024-11-10 02:18:18,286 - INFO - Mengecek email: susantileivia@gmail.com menggunakan MX record: alt2.gmail-smtp-in.l.google.com.
2024-11-10 02:18:21,450 - WARNING - Email tidak aktif: susantileivia@gmail.com (Kode: 500, Respon: b'command unrecognised or out of order')
2024-11-10 02:18:21,756 - INFO - Mencari MX record untuk domain: gmail.com
2024-11-10 02:18:21,768 - INFO - MX record ditemukan untuk gmail.com: alt2.gmail-smtp-in.l.google.com.
2024-11-10 02:18:21,768 - INFO - Mengecek email: cokpoke6@gmail.com menggunakan MX record: alt2.gmail-smtp-in.l.google.com.
2024-11-10 02:18:24,930 - WARNING - Email tidak aktif: cokpoke6@gmail.com (Kode: 500, Respon: b'command unrecognised or out of order')
2024-11-10 02:18:25,176 - INFO - Mencari MX record untuk domain: gmail.com
2024-11-10 02:18:25,188 - INFO - MX record ditemukan untuk gmail.com: alt2.gmail-smtp-in.l.google.com.
2024-11-10 02:18:25,188 - INFO - Mengecek email: dwisyahputra389@gmail.com menggunakan MX record: alt2.gmail-smtp-in.l.google.com.
2024-11-10 02:18:28,310 - WARNING - Email tidak aktif: dwisyahputra389@gmail.com (Kode: 500, Respon: b'command unrecognised or out of order')
2024-11-10 02:18:28,617 - INFO - Mencari MX record untuk domain: gmail.com
2024-11-10 02:18:28,628 - INFO - MX record ditemukan untuk gmail.com: alt2.gmail-smtp-in.l.google.com.
2024-11-10 02:18:28,628 - INFO - Mengecek email: nurintanfitriani592@gmail.com menggunakan MX record: alt2.gmail-smtp-in.l.google.com.
2024-11-10 02:18:31,704 - WARNING - Email tidak aktif: nurintanfitriani592@gmail.com (Kode: 500, Respon: b'command unrecognised or out of order')
2024-11-10 02:18:31,942 - INFO - Mencari MX record untuk domain: gmail.com
2024-11-10 02:18:31,950 - INFO - MX record ditemukan untuk gmail.com: alt2.gmail-smtp-in.l.google.com.
2024-11-10 02:18:31,950 - INFO - Mengecek email: babangerly@gmail.com menggunakan MX record: alt2.gmail-smtp-in.l.google.com.
2024-11-10 02:18:34,879 - WARNING - Email tidak aktif: babangerly@gmail.com (Kode: 500, Respon: b'command unrecognised or out of order')
2024-11-10 02:18:35,138 - INFO - Mencari MX record untuk domain: gmail.com
2024-11-10 02:18:35,149 - INFO - MX record ditemukan untuk gmail.com: alt2.gmail-smtp-in.l.google.com.
2024-11-10 02:18:35,149 - INFO - Mengecek email: nanidewirahayu@gmail.com menggunakan MX record: alt2.gmail-smtp-in.l.google.com.
2024-11-10 02:18:38,039 - WARNING - Email tidak aktif: nanidewirahayu@gmail.com (Kode: 500, Respon: b'command unrecognised or out of order')
2024-11-10 02:18:38,269 - INFO - Mencari MX record untuk domain: gmail.com
2024-11-10 02:18:38,280 - INFO - MX record ditemukan untuk gmail.com: alt2.gmail-smtp-in.l.google.com.
2024-11-10 02:18:38,280 - INFO - Mengecek email: fakihm084@gmail.com menggunakan MX record: alt2.gmail-smtp-in.l.google.com.
2024-11-10 02:18:41,224 - WARNING - Email tidak aktif: fakihm084@gmail.com (Kode: 500, Respon: b'command unrecognised or out of order')
2024-11-10 02:18:41,474 - INFO - Mencari MX record untuk domain: gmail.com
2024-11-10 02:18:41,485 - INFO - MX record ditemukan untuk gmail.com: alt2.gmail-smtp-in.l.google.com.
2024-11-10 02:18:41,486 - INFO - Mengecek email: annidaramadayanti12@gmail.com menggunakan MX record: alt2.gmail-smtp-in.l.google.com.
2024-11-10 02:18:44,592 - WARNING - Email tidak aktif: annidaramadayanti12@gmail.com (Kode: 500, Respon: b'command unrecognised or out of order')
2024-11-10 02:18:44,898 - INFO - Mencari MX record untuk domain: gmail.com
2024-11-10 02:18:44,909 - INFO - MX record ditemukan untuk gmail.com: alt2.gmail-smtp-in.l.google.com.
2024-11-10 02:18:44,910 - INFO - Mengecek email: baguspubg1303@gmail.com menggunakan MX record: alt2.gmail-smtp-in.l.google.com.
2024-11-10 02:18:47,837 - WARNING - Email tidak aktif: baguspubg1303@gmail.com (Kode: 500, Respon: b'command unrecognised or out of order')
2024-11-10 02:18:48,175 - INFO - Mencari MX record untuk domain: gmail.com
2024-11-10 02:18:48,186 - INFO - MX record ditemukan untuk gmail.com: alt2.gmail-smtp-in.l.google.com.
2024-11-10 02:18:48,186 - INFO - Mengecek email: alfianicola07@gmail.com menggunakan MX record: alt2.gmail-smtp-in.l.google.com.
2024-11-10 02:18:51,142 - WARNING - Email tidak aktif: alfianicola07@gmail.com (Kode: 500, Respon: b'command unrecognised or out of order')
2024-11-10 02:18:51,368 - INFO - Mencari MX record untuk domain: gmail.com
2024-11-10 02:18:51,379 - INFO - MX record ditemukan untuk gmail.com: alt2.gmail-smtp-in.l.google.com.
2024-11-10 02:18:51,380 - INFO - Mengecek email: safirairsyanalestari@gmail.com menggunakan MX record: alt2.gmail-smtp-in.l.google.com.
2024-11-10 02:18:54,322 - WARNING - Email tidak aktif: safirairsyanalestari@gmail.com (Kode: 500, Respon: b'command unrecognised or out of order')
2024-11-10 02:18:54,627 - INFO - Mencari MX record untuk domain: gmail.com
2024-11-10 02:18:54,636 - INFO - MX record ditemukan untuk gmail.com: alt2.gmail-smtp-in.l.google.com.
2024-11-10 02:18:54,636 - INFO - Mengecek email: anantanadin621@gmail.com menggunakan MX record: alt2.gmail-smtp-in.l.google.com.
2024-11-10 02:18:57,697 - WARNING - Email tidak aktif: anantanadin621@gmail.com (Kode: 500, Respon: b'command unrecognised or out of order')
2024-11-10 02:18:58,004 - INFO - Mencari MX record untuk domain: gmail.com
2024-11-10 02:18:58,014 - INFO - MX record ditemukan untuk gmail.com: alt2.gmail-smtp-in.l.google.com.
2024-11-10 02:18:58,015 - INFO - Mengecek email: dramadhani093@gmail.com menggunakan MX record: alt2.gmail-smtp-in.l.google.com.
2024-11-10 02:19:01,087 - WARNING - Email tidak aktif: dramadhani093@gmail.com (Kode: 500, Respon: b'command unrecognised or out of order')
2024-11-10 02:19:01,317 - INFO - Mencari MX record untuk domain: gmail.com
2024-11-10 02:19:01,328 - INFO - MX record ditemukan untuk gmail.com: alt2.gmail-smtp-in.l.google.com.
2024-11-10 02:19:01,328 - INFO - Mengecek email: wm9132163@gmail.com menggunakan MX record: alt2.gmail-smtp-in.l.google.com.
